--------------------------------------------------------
Rapport de synchronisation du lun. 19 janv. 2026 13:27:06 CET
--------------------------------------------------------
coucou.txt           | CONFLIT         | Fichier .meta manquant ou version illisible
--------------------------------------------------------
Rapport de synchronisation du lun. 19 janv. 2026 13:28:21 CET
coucou.txt           | CONFLIT         | Fichier .meta manquant ou version illisible
--------------------------------------------------------
Rapport de synchronisation du lun. 19 janv. 2026 13:29:11 CET
coucou.txt           | CONFLIT         | Fichier .meta manquant ou version illisible
--------------------------------------------------------
Rapport de synchronisation du lun. 19 janv. 2026 13:40:11 CET
coucou.txt           | CONFLIT         | Fichier .meta manquant ou version illisible
--------------------------------------------------------
Rapport de synchronisation du lun. 19 janv. 2026 13:43:58 CET
coucou.txt           | CONFLIT         | Fichier .meta manquant ou version illisible
--------------------------------------------------------
Rapport de synchronisation du lun. 19 janv. 2026 13:44:37 CET
coucou.txt           | CONFLIT         | Fichier .meta manquant ou version illisible
--------------------------------------------------------
Rapport de synchronisation du lun. 19 janv. 2026 13:45:36 CET
coucou.txt           | COPIÉ A->B     | Version 3 > 2
--------------------------------------------------------
Rapport de synchronisation du lun. 19 janv. 2026 13:50:11 CET
coucou.txt           | COPIÉ A->B     | Version 4 > 3
--------------------------------------------------------
Rapport de synchronisation du lun. 19 janv. 2026 13:50:18 CET
coucou.txt           | IGNORÉ         | Versions identiques (4)
--------------------------------------------------------
Rapport de synchronisation du lun. 19 janv. 2026 13:52:37 CET
coucou.txt           | IGNORÉ         | Versions identiques (4)
--------------------------------------------------------
Rapport de synchronisation du lun. 19 janv. 2026 13:53:51 CET
coucou.txt           | COPIÉ B->A     | Version 4 > 1
--------------------------------------------------------
Rapport de synchronisation du lun. 19 janv. 2026 13:58:25 CET
coucou.txt           | IGNORÉ         | Versions identiques (4)
test.txt             | COPIÉ A->B     | Nouveau fichier (Source A)
--------------------------------------------------------
Rapport de synchronisation du lun. 19 janv. 2026 14:01:09 CET
coucou.txt           | COPIÉ B->A     | Version 5 > 4
test.txt             | PROTÉGÉ       | Mise à jour B->A bloquée par protection
--------------------------------------------------------
Rapport de synchronisation du lun. 19 janv. 2026 14:02:36 CET
coucou.txt           | IGNORÉ         | Versions identiques (5)
test.txt             | IGNORÉ         | Versions identiques (2)
--------------------------------------------------------
Rapport de synchronisation du lun. 19 janv. 2026 14:04:19 CET
coucou.txt           | IGNORÉ         | Versions identiques (5)
test.txt             | IGNORÉ         | Versions identiques (2)
--------------------------------------------------------
Rapport de synchronisation du lun. 19 janv. 2026 14:04:43 CET
coucou.txt           | IGNORÉ         | Versions identiques (5)
test.txt             | IGNORÉ         | Versions identiques (2)
--------------------------------------------------------
Rapport de synchronisation du lun. 19 janv. 2026 14:05:52 CET
coucou.txt           | COPIÉ B->A     | Version 6 > 5
test.txt             | COPIÉ B->A     | Version 3 > 2
--------------------------------------------------------
Rapport de synchronisation du lun. 19 janv. 2026 14:07:05 CET
coucou.txt           | IGNORÉ         | Versions identiques (6)
test.txt             | COPIÉ B->A     | Version 4 > 3
--------------------------------------------------------
Rapport de synchronisation du lun. 19 janv. 2026 14:10:13 CET
coucou.txt           | IGNORÉ         | Versions identiques (6)
test.txt             | IGNORÉ         | Versions identiques (4)
--------------------------------------------------------
Rapport de synchronisation du lun. 19 janv. 2026 14:48:05 CET
coucou.txt           | COPIÉ A->B     | Version 7 > 6
test.txt             | IGNORÉ         | Versions identiques (4)
--------------------------------------------------------
Rapport de synchronisation du lun. 19 janv. 2026 14:50:12 CET
coucou.txt           | IGNORÉ         | Versions identiques (7)
test.txt             | PROTÉGÉ       | Mise à jour A->B bloquée par protection
--------------------------------------------------------
Rapport de synchronisation du lun. 19 janv. 2026 15:02:18 CET

========================================================
AUTO-SYNC (CRON) : lun. 19 janv. 2026 15:02:18 CET
--------------------------------------------------------
coucou.txt           | COPIÉ A->B     | Version 8 > 7
test.txt             | PROTÉGÉ       | Mise à jour A->B bloquée par protection
--------------------------------------------------------
Rapport de synchronisation du lun. 19 janv. 2026 15:15:35 CET

========================================================
AUTO-SYNC (CRON) : lun. 19 janv. 2026 15:15:35 CET
--------------------------------------------------------
coucou.txt           | COPIÉ A->B     | Version 9 > 8
test.txt             | PROTÉGÉ       | Mise à jour A->B bloquée par protection
--------------------------------------------------------
Rapport de synchronisation du lun. 19 janv. 2026 15:16:01 CET

========================================================
AUTO-SYNC (CRON) : lun. 19 janv. 2026 15:16:01 CET
--------------------------------------------------------
coucou.txt           | IGNORÉ         | Versions identiques (9)
test.txt             | PROTÉGÉ       | Mise à jour A->B bloquée par protection
--------------------------------------------------------
Rapport de synchronisation du lun. 19 janv. 2026 15:17:01 CET

========================================================
AUTO-SYNC (CRON) : lun. 19 janv. 2026 15:17:01 CET
--------------------------------------------------------
coucou.txt           | IGNORÉ         | Versions identiques (9)
test.txt             | PROTÉGÉ       | Mise à jour A->B bloquée par protection
--------------------------------------------------------
Rapport de synchronisation du lun. 19 janv. 2026 15:18:01 CET

========================================================
AUTO-SYNC (CRON) : lun. 19 janv. 2026 15:18:01 CET
--------------------------------------------------------
coucou.txt           | IGNORÉ         | Versions identiques (9)
test.txt             | PROTÉGÉ       | Mise à jour A->B bloquée par protection
--------------------------------------------------------
Rapport de synchronisation du lun. 19 janv. 2026 15:19:01 CET

========================================================
AUTO-SYNC (CRON) : lun. 19 janv. 2026 15:19:01 CET
--------------------------------------------------------
coucou.txt           | COPIÉ A->B     | Version 10 > 9
test.txt             | PROTÉGÉ       | Mise à jour A->B bloquée par protection
--------------------------------------------------------
Rapport de synchronisation du lun. 19 janv. 2026 15:20:01 CET

========================================================
AUTO-SYNC (CRON) : lun. 19 janv. 2026 15:20:01 CET
--------------------------------------------------------
coucou.txt           | IGNORÉ         | Versions identiques (10)
test.txt             | PROTÉGÉ       | Mise à jour A->B bloquée par protection
--------------------------------------------------------
Rapport de synchronisation du lun. 19 janv. 2026 15:21:01 CET

========================================================
AUTO-SYNC (CRON) : lun. 19 janv. 2026 15:21:01 CET
--------------------------------------------------------
coucou.txt           | IGNORÉ         | Versions identiques (10)
test.txt             | PROTÉGÉ       | Mise à jour A->B bloquée par protection
--------------------------------------------------------
Rapport de synchronisation du lun. 19 janv. 2026 15:22:01 CET

========================================================
AUTO-SYNC (CRON) : lun. 19 janv. 2026 15:22:01 CET
--------------------------------------------------------
coucou.txt           | IGNORÉ         | Versions identiques (10)
test.txt             | PROTÉGÉ       | Mise à jour A->B bloquée par protection
--------------------------------------------------------
Rapport de synchronisation du lun. 19 janv. 2026 15:23:01 CET

========================================================
AUTO-SYNC (CRON) : lun. 19 janv. 2026 15:23:01 CET
--------------------------------------------------------
coucou.txt           | IGNORÉ         | Versions identiques (10)
test.txt             | COPIÉ A->B     | Version 5 > 4
--------------------------------------------------------
Rapport de synchronisation du lun. 19 janv. 2026 15:24:01 CET

========================================================
AUTO-SYNC (CRON) : lun. 19 janv. 2026 15:24:01 CET
--------------------------------------------------------
coucou.txt           | IGNORÉ         | Versions identiques (10)
test.txt             | IGNORÉ         | Versions identiques (5)
--------------------------------------------------------
Rapport de synchronisation du lun. 19 janv. 2026 15:25:01 CET

========================================================
AUTO-SYNC (CRON) : lun. 19 janv. 2026 15:25:01 CET
--------------------------------------------------------
coucou.txt           | IGNORÉ         | Versions identiques (10)
test.txt             | IGNORÉ         | Versions identiques (5)
--------------------------------------------------------
Rapport de synchronisation du lun. 19 janv. 2026 15:26:01 CET

========================================================
AUTO-SYNC (CRON) : lun. 19 janv. 2026 15:26:01 CET
--------------------------------------------------------
coucou.txt           | IGNORÉ         | Versions identiques (10)
test.txt             | IGNORÉ         | Versions identiques (5)
--------------------------------------------------------
Rapport de synchronisation du lun. 19 janv. 2026 15:27:01 CET

========================================================
AUTO-SYNC (CRON) : lun. 19 janv. 2026 15:27:01 CET
--------------------------------------------------------
coucou.txt           | IGNORÉ         | Versions identiques (10)
test.txt             | IGNORÉ         | Versions identiques (5)
--------------------------------------------------------
Rapport de synchronisation du lun. 19 janv. 2026 15:28:01 CET

========================================================
AUTO-SYNC (CRON) : lun. 19 janv. 2026 15:28:01 CET
--------------------------------------------------------
coucou.txt           | IGNORÉ         | Versions identiques (10)
test.txt             | IGNORÉ         | Versions identiques (5)
--------------------------------------------------------
Rapport de synchronisation du lun. 19 janv. 2026 15:29:01 CET

========================================================
AUTO-SYNC (CRON) : lun. 19 janv. 2026 15:29:01 CET
--------------------------------------------------------
coucou.txt           | IGNORÉ         | Versions identiques (10)
test.txt             | IGNORÉ         | Versions identiques (5)
--------------------------------------------------------
Rapport de synchronisation du lun. 19 janv. 2026 15:30:01 CET

========================================================
AUTO-SYNC (CRON) : lun. 19 janv. 2026 15:30:01 CET
--------------------------------------------------------
coucou.txt           | IGNORÉ         | Versions identiques (10)
test.txt             | IGNORÉ         | Versions identiques (5)
--------------------------------------------------------
Rapport de synchronisation du lun. 19 janv. 2026 15:31:01 CET

========================================================
AUTO-SYNC (CRON) : lun. 19 janv. 2026 15:31:01 CET
--------------------------------------------------------
coucou.txt           | IGNORÉ         | Versions identiques (10)
test.txt             | IGNORÉ         | Versions identiques (5)
--------------------------------------------------------
Rapport de synchronisation du lun. 19 janv. 2026 15:32:01 CET

========================================================
AUTO-SYNC (CRON) : lun. 19 janv. 2026 15:32:01 CET
--------------------------------------------------------
coucou.txt           | IGNORÉ         | Versions identiques (10)
test.txt             | IGNORÉ         | Versions identiques (5)
--------------------------------------------------------
Rapport de synchronisation du lun. 19 janv. 2026 15:33:01 CET

========================================================
AUTO-SYNC (CRON) : lun. 19 janv. 2026 15:33:01 CET
--------------------------------------------------------
coucou.txt           | IGNORÉ         | Versions identiques (10)
test.txt             | IGNORÉ         | Versions identiques (5)
--------------------------------------------------------
Rapport de synchronisation du mar. 20 janv. 2026 09:07:01 CET

========================================================
AUTO-SYNC (CRON) : mar. 20 janv. 2026 09:07:01 CET
--------------------------------------------------------
coucou.txt           | IGNORÉ         | Versions identiques (10)
protected_files.txt.save | COPIÉ A->B     | Nouveau fichier (Source A)
test.txt             | IGNORÉ         | Versions identiques (5)
--------------------------------------------------------
Rapport de synchronisation du mar. 20 janv. 2026 09:08:01 CET

========================================================
AUTO-SYNC (CRON) : mar. 20 janv. 2026 09:08:01 CET
--------------------------------------------------------
coucou.txt           | IGNORÉ         | Versions identiques (10)
test.txt             | IGNORÉ         | Versions identiques (5)
--------------------------------------------------------
Rapport de synchronisation du mar. 20 janv. 2026 09:09:01 CET

========================================================
AUTO-SYNC (CRON) : mar. 20 janv. 2026 09:09:01 CET
--------------------------------------------------------
coucou.txt           | IGNORÉ         | Versions identiques (10)
test.txt             | IGNORÉ         | Versions identiques (5)
--------------------------------------------------------
Rapport de synchronisation du mar. 20 janv. 2026 10:00:53 CET

========================================================
AUTO-SYNC (CRON) : mar. 20 janv. 2026 10:00:53 CET
--------------------------------------------------------
coucou.txt           | COPIÉ B->A     | Version 10 > 8
test.txt             | IGNORÉ         | Versions identiques (5)
